<?xml version="1.0" encoding="UTF-8"?>
<!-- Generated by org.testng.reporters.JUnitReportReporter -->
<testsuite hostname="raman-Inspiron-3542" name="com.actitime.scripts.LoginLogout" tests="2" failures="0" timestamp="8 Sep 2015 17:21:31 GMT" time="12.950" errors="0">
  <testcase name="testActitimeLogout" time="12.544" classname="com.actitime.scripts.LoginLogout"/>
  <testcase name="testActitimeLogin" time="0.406" classname="com.actitime.scripts.LoginLogout"/>
</testsuite> <!-- com.actitime.scripts.LoginLogout -->
