<?xml version="1.0" encoding="UTF-8"?>
<!-- Generated by org.testng.reporters.JUnitReportReporter -->
<testsuite hostname="raman-Inspiron-3542" name="com.jawa.scripts.ValidLogin" tests="2" failures="0" timestamp="5 Sep 2015 13:32:17 GMT" time="17.037" errors="0">
  <testcase name="test" time="0.421" classname="com.jawa.scripts.ValidLogin"/>
  <testcase name="testLogout" time="16.616" classname="com.jawa.scripts.ValidLogin"/>
</testsuite> <!-- com.jawa.scripts.ValidLogin -->
